<?xml version="1.0" encoding="UTF-8"?>
<testsuite xmlns:xsi="http://www.w3.org/2001/XMLSchema-instance" xsi:noNamespaceSchemaLocation="https://maven.apache.org/surefire/maven-surefire-plugin/xsd/surefire-test-report.xsd" name="io.swagger.api.CommentsApiControllerTest" time="3.864" tests="4" errors="0" skipped="0" failures="0">
  <properties>
[...]
</properties>
  <testcase name="testDeleteComment" classname="io.swagger.api.CommentsApiControllerTest" time="0.183"/>
  <testcase name="testGetCommentById" classname="io.swagger.api.CommentsApiControllerTest" time="0.082"/>
  <testcase name="testCreateComment" classname="io.swagger.api.CommentsApiControllerTest" time="0.084"/>
  <testcase name="testUpdateComment" classname="io.swagger.api.CommentsApiControllerTest" time="0.013"/>
</testsuite>